<?xml version="1.0" encoding="UTF-8"?>
<!-- Generated by org.testng.reporters.JUnitReportReporter -->
<testsuite hostname="MV-TBERA-M.local" name="com.account.migration.IDEAccountWithDevices" tests="1" failures="0" timestamp="21 Aug 2019 05:39:22 GMT" time="9.704" errors="0">
  <testcase name="runTests" time="9.704" classname="com.account.migration.IDEAccountWithDevices"/>
</testsuite> <!-- com.account.migration.IDEAccountWithDevices -->
